<?xml version="1.0" encoding="UTF-8"?>
<testng-results ignored="0" total="5" passed="5" failed="0" skipped="0">
  <reporter-output>
  </reporter-output>
  <suite started-at="2022-01-17T18:20:48 CET" name="To read test data" finished-at="2022-01-17T18:21:00 CET" duration-ms="11830">
    <groups>
    </groups>
    <test started-at="2022-01-17T18:20:48 CET" name="To read test data" finished-at="2022-01-17T18:21:00 CET" duration-ms="11830">
      <class name="testcases.LoginPageTest">
        <test-method is-config="true" signature="preLoadInitData(java.lang.String,java.lang.String)[pri:0, instance:testcases.LoginPageTest@6404f418]" started-at="2022-01-17T18:20:48 CET" name="preLoadInitData" finished-at="2022-01-17T18:20:48 CET" duration-ms="15" status="PASS">
          <params>
            <param index="0">
              <value>
                <![CDATA[chrome]]>
              </value>
            </param>
            <param index="1">
              <value>
                <![CDATA[https://react-redux.realworld.io/]]>
              </value>
            </param>
          </params>
          <reporter-output>
          </reporter-output>
        </test-method> <!-- preLoadInitData -->
        <test-method is-config="true" signature="setUp()[pri:0, instance:testcases.LoginPageTest@6404f418]" started-at="2022-01-17T18:20:48 CET" name="setUp" finished-at="2022-01-17T18:20:55 CET" duration-ms="6365" status="PASS">
          <reporter-output>
          </reporter-output>
        </test-method> <!-- setUp -->
        <test-method signature="signIn(java.lang.String,java.lang.String)[pri:1, instance:testcases.LoginPageTest@6404f418]" started-at="2022-01-17T18:20:55 CET" name="signIn" finished-at="2022-01-17T18:20:55 CET" duration-ms="658" status="PASS">
          <params>
            <param index="0">
              <value>
                <![CDATA[aklamio.testing@gmail.com]]>
              </value>
            </param>
            <param index="1">
              <value>
                <![CDATA[testing1234]]>
              </value>
            </param>
          </params>
          <reporter-output>
          </reporter-output>
        </test-method> <!-- signIn -->
        <test-method signature="createPost(java.lang.String,java.lang.String,java.lang.String,java.lang.String)[pri:2, instance:testcases.LoginPageTest@6404f418]" started-at="2022-01-17T18:20:55 CET" name="createPost" finished-at="2022-01-17T18:20:58 CET" duration-ms="2458" status="PASS">
          <params>
            <param index="0">
              <value>
                <![CDATA[Test Article]]>
              </value>
            </param>
            <param index="1">
              <value>
                <![CDATA[About Test Automation]]>
              </value>
            </param>
            <param index="2">
              <value>
                <![CDATA[Test automation can automate some repetitive but necessary tasks in a formalized testing process already in place, or perform additional testing that would be difficult to do manually. ]]>
              </value>
            </param>
            <param index="3">
              <value>
                <![CDATA[test,automation,selenium, java]]>
              </value>
            </param>
          </params>
          <reporter-output>
          </reporter-output>
        </test-method> <!-- createPost -->
        <test-method signature="addComment(java.lang.String)[pri:3, instance:testcases.LoginPageTest@6404f418]" started-at="2022-01-17T18:20:58 CET" name="addComment" finished-at="2022-01-17T18:20:59 CET" duration-ms="1461" status="PASS">
          <params>
            <param index="0">
              <value>
                <![CDATA[This is a test comment]]>
              </value>
            </param>
          </params>
          <reporter-output>
          </reporter-output>
        </test-method> <!-- addComment -->
        <test-method signature="deletePost()[pri:4, instance:testcases.LoginPageTest@6404f418]" started-at="2022-01-17T18:20:59 CET" name="deletePost" finished-at="2022-01-17T18:20:59 CET" duration-ms="130" status="PASS">
          <reporter-output>
          </reporter-output>
        </test-method> <!-- deletePost -->
        <test-method signature="logOut()[pri:5, instance:testcases.LoginPageTest@6404f418]" started-at="2022-01-17T18:20:59 CET" name="logOut" finished-at="2022-01-17T18:21:00 CET" duration-ms="368" status="PASS">
          <reporter-output>
          </reporter-output>
        </test-method> <!-- logOut -->
        <test-method is-config="true" signature="closeBrowser()[pri:0, instance:testcases.LoginPageTest@6404f418]" started-at="2022-01-17T18:21:00 CET" name="closeBrowser" finished-at="2022-01-17T18:21:00 CET" duration-ms="296" status="PASS">
          <reporter-output>
          </reporter-output>
        </test-method> <!-- closeBrowser -->
      </class> <!-- testcases.LoginPageTest -->
    </test> <!-- To read test data -->
  </suite> <!-- To read test data -->
</testng-results>
