<?xml version="1.0" encoding="UTF-8"?>
<!-- Generated by org.testng.reporters.JUnitXMLReporter -->
<testsuite ignored="0" hostname="DESKTOP-3IAGI7O" failures="0" tests="5" name="To read test data" time="11.83" errors="0" timestamp="2022-01-17T18:21:00 CET">
  <testcase classname="testcases.LoginPageTest" name="signIn" time="0.658"/>
  <testcase classname="testcases.LoginPageTest" name="createPost" time="2.458"/>
  <testcase classname="testcases.LoginPageTest" name="addComment" time="1.461"/>
  <testcase classname="testcases.LoginPageTest" name="deletePost" time="0.13"/>
  <testcase classname="testcases.LoginPageTest" name="logOut" time="0.368"/>
</testsuite> <!-- To read test data -->
